<?xml version="1.0" encoding="UTF-8"?>
<!-- Generated by org.testng.reporters.JUnitXMLReporter -->
<testsuite ignored="3" hostname="5CG82612KZ" failures="2" tests="15" name="Test" time="1886.052" errors="0" timestamp="2024-12-30T22:15:34 IST">
  <testcase classname="com.pia.utiltiy.BaseClass" name="@BeforeClass BeforeClass" time="0.002">
    <failure type="java.lang.NullPointerException" message="Cannot invoke &amp;quot;java.util.Properties.getProperty(String)&amp;quot; because &amp;quot;this.prop&amp;quot; is null">
      <![CDATA[java.lang.NullPointerException: Cannot invoke "java.util.Properties.getProperty(String)" because "this.prop" is null
at com.pia.utiltiy.BaseClass.BeforeClass(BaseClass.java:42)
at java.base/java.util.ArrayList.forEach(ArrayList.java:1596)
... Removed 23 stack frames]]>
    </failure>
  </testcase> <!-- @BeforeClass BeforeClass -->
  <testcase classname="com.pia.utiltiy.BaseClass" name="@BeforeMethod BedforeMethod" time="0.0">
    <skipped/>
  </testcase> <!-- @BeforeMethod BedforeMethod -->
  <testcase classname="com.pia.utiltiy.BaseClass" name="@AfterMethod afterMothod" time="0.0">
    <skipped/>
  </testcase> <!-- @AfterMethod afterMothod -->
  <testcase classname="com.pia.utiltiy.BaseClass" name="@BeforeMethod BedforeMethod" time="0.0">
    <skipped/>
  </testcase> <!-- @BeforeMethod BedforeMethod -->
  <testcase classname="com.pia.utiltiy.BaseClass" name="@AfterMethod afterMothod" time="0.0">
    <skipped/>
  </testcase> <!-- @AfterMethod afterMothod -->
  <testcase classname="com.pia.utiltiy.BaseClass" name="@BeforeMethod BedforeMethod" time="0.0">
    <skipped/>
  </testcase> <!-- @BeforeMethod BedforeMethod -->
  <testcase classname="com.pia.utiltiy.BaseClass" name="@AfterMethod afterMothod" time="0.0">
    <skipped/>
  </testcase> <!-- @AfterMethod afterMothod -->
  <testcase classname="com.pia.utiltiy.BaseClass" name="@BeforeMethod BedforeMethod" time="0.0">
    <skipped/>
  </testcase> <!-- @BeforeMethod BedforeMethod -->
  <testcase classname="com.pia.utiltiy.BaseClass" name="@AfterMethod afterMothod" time="0.0">
    <skipped/>
  </testcase> <!-- @AfterMethod afterMothod -->
  <testcase classname="com.pia.utiltiy.BaseClass" name="@BeforeMethod BedforeMethod" time="0.0">
    <skipped/>
  </testcase> <!-- @BeforeMethod BedforeMethod -->
  <testcase classname="com.pia.utiltiy.BaseClass" name="@AfterMethod afterMothod" time="0.0">
    <skipped/>
  </testcase> <!-- @AfterMethod afterMothod -->
  <testcase classname="com.pia.utiltiy.BaseClass" name="@BeforeMethod BedforeMethod" time="0.0">
    <skipped/>
  </testcase> <!-- @BeforeMethod BedforeMethod -->
  <testcase classname="com.pia.utiltiy.BaseClass" name="@AfterMethod afterMothod" time="0.0">
    <skipped/>
  </testcase> <!-- @AfterMethod afterMothod -->
  <testcase classname="com.pia.utiltiy.BaseClass" name="@BeforeMethod BedforeMethod" time="0.0">
    <skipped/>
  </testcase> <!-- @BeforeMethod BedforeMethod -->
  <testcase classname="com.pia.utiltiy.BaseClass" name="@AfterMethod afterMothod" time="0.0">
    <skipped/>
  </testcase> <!-- @AfterMethod afterMothod -->
  <testcase classname="com.pia.utiltiy.BaseClass" name="@BeforeMethod BedforeMethod" time="0.0">
    <skipped/>
  </testcase> <!-- @BeforeMethod BedforeMethod -->
  <testcase classname="com.pia.utiltiy.BaseClass" name="@AfterMethod afterMothod" time="0.0">
    <skipped/>
  </testcase> <!-- @AfterMethod afterMothod -->
  <testcase classname="com.pia.utiltiy.BaseClass" name="@BeforeMethod BedforeMethod" time="0.0">
    <skipped/>
  </testcase> <!-- @BeforeMethod BedforeMethod -->
  <testcase classname="com.pia.utiltiy.BaseClass" name="@AfterMethod afterMothod" time="0.0">
    <skipped/>
  </testcase> <!-- @AfterMethod afterMothod -->
  <testcase classname="com.pia.utiltiy.BaseClass" name="@BeforeMethod BedforeMethod" time="0.0">
    <skipped/>
  </testcase> <!-- @BeforeMethod BedforeMethod -->
  <testcase classname="com.pia.utiltiy.BaseClass" name="@AfterMethod afterMothod" time="0.0">
    <skipped/>
  </testcase> <!-- @AfterMethod afterMothod -->
  <testcase classname="com.pia.user_testscript.ScriptManageUsers" name="verifyTC014_UserAccountEdit" time="12.095"/>
  <testcase classname="com.pia.user_testscript.ScriptManageUsers" name="verifyTC016_UserCancelEditAccount" time="1084.993">
    <failure type="org.openqa.selenium.NoSuchElementException" message="no such element: Unable to locate element: {&amp;quot;method&amp;quot;:&amp;quot;xpath&amp;quot;,&amp;quot;selector&amp;quot;:&amp;quot;//ul[@id=&amp;apos;ModUserRole-list-ul&amp;apos;]//li//span[contains(text(),&amp;apos;CORP Approver&amp;apos;)]&amp;quot;}
  (Session info: chrome=131.0.6778.205)
For documentation on this error, please visit: https://www.selenium.dev/documentation/webdriver/troubleshooting/errors#no-such-element-exception
Build info: version: &amp;apos;4.27.0&amp;apos;, revision: &amp;apos;d6e718d134&amp;apos;
System info: os.name: &amp;apos;Windows 10&amp;apos;, os.arch: &amp;apos;amd64&amp;apos;, os.version: &amp;apos;10.0&amp;apos;, java.version: &amp;apos;21.0.5&amp;apos;
Driver info: org.openqa.selenium.chrome.ChromeDriver
Command: [0d30498eb9ed0e3466d6efab28d4b029, findElement {using=xpath, value=//ul[@id=&amp;apos;ModUserRole-list-ul&amp;apos;]//li//span[contains(text(),&amp;apos;CORP Approver&amp;apos;)]}]
Capabilities {acceptInsecureCerts: false, browserName: chrome, browserVersion: 131.0.6778.205, chrome: {chromedriverVersion: 131.0.6778.204 (52183f9e99a..., userDataDir: C:\Users\RAJU~1.YAD\AppData...}, fedcm:accounts: true, goog:chromeOptions: {debuggerAddress: localhost:64512}, networkConnectionEnabled: false, pageLoadStrategy: normal, platformName: windows, proxy: Proxy(), se:cdp: ws://localhost:64512/devtoo..., se:cdpVersion: 131.0.6778.205, setWindowRect: true, strictFileInteractability: false, timeouts: {implicit: 0, pageLoad: 300000, script: 30000}, unhandledPromptBehavior: dismiss and notify, webauthn:extension:credBlob: true, webauthn:extension:largeBlob: true, webauthn:extension:minPinLength: true, webauthn:extension:prf: true, webauthn:virtualAuthenticators: true}
Session ID: 0d30498eb9ed0e3466d6efab28d4b029">
      <![CDATA[org.openqa.selenium.NoSuchElementException: no such element: Unable to locate element: {"method":"xpath","selector":"//ul[@id='ModUserRole-list-ul']//li//span[contains(text(),'CORP Approver')]"}
  (Session info: chrome=131.0.6778.205)
For documentation on this error, please visit: https://www.selenium.dev/documentation/webdriver/troubleshooting/errors#no-such-element-exception
Build info: version: '4.27.0', revision: 'd6e718d134'
System info: os.name: 'Windows 10', os.arch: 'amd64', os.version: '10.0', java.version: '21.0.5'
Driver info: org.openqa.selenium.chrome.ChromeDriver
Command: [0d30498eb9ed0e3466d6efab28d4b029, findElement {using=xpath, value=//ul[@id='ModUserRole-list-ul']//li//span[contains(text(),'CORP Approver')]}]
Capabilities {acceptInsecureCerts: false, browserName: chrome, browserVersion: 131.0.6778.205, chrome: {chromedriverVersion: 131.0.6778.204 (52183f9e99a..., userDataDir: C:\Users\RAJU~1.YAD\AppData...}, fedcm:accounts: true, goog:chromeOptions: {debuggerAddress: localhost:64512}, networkConnectionEnabled: false, pageLoadStrategy: normal, platformName: windows, proxy: Proxy(), se:cdp: ws://localhost:64512/devtoo..., se:cdpVersion: 131.0.6778.205, setWindowRect: true, strictFileInteractability: false, timeouts: {implicit: 0, pageLoad: 300000, script: 30000}, unhandledPromptBehavior: dismiss and notify, webauthn:extension:credBlob: true, webauthn:extension:largeBlob: true, webauthn:extension:minPinLength: true, webauthn:extension:prf: true, webauthn:virtualAuthenticators: true}
Session ID: 0d30498eb9ed0e3466d6efab28d4b029
at org.openqa.selenium.remote.ErrorCodec.decode(ErrorCodec.java:167)
at org.openqa.selenium.remote.codec.w3c.W3CHttpResponseCodec.decode(W3CHttpResponseCodec.java:138)
at org.openqa.selenium.remote.codec.w3c.W3CHttpResponseCodec.decode(W3CHttpResponseCodec.java:50)
at org.openqa.selenium.remote.HttpCommandExecutor.execute(HttpCommandExecutor.java:190)
at org.openqa.selenium.remote.service.DriverCommandExecutor.invokeExecute(DriverCommandExecutor.java:216)
at org.openqa.selenium.remote.service.DriverCommandExecutor.execute(DriverCommandExecutor.java:174)
at org.openqa.selenium.remote.RemoteWebDriver.execute(RemoteWebDriver.java:545)
at org.openqa.selenium.remote.ElementLocation$ElementFinder$2.findElement(ElementLocation.java:165)
at org.openqa.selenium.remote.ElementLocation.findElement(ElementLocation.java:59)
at org.openqa.selenium.remote.RemoteWebDriver.findElement(RemoteWebDriver.java:368)
at org.openqa.selenium.remote.RemoteWebDriver.findElement(RemoteWebDriver.java:362)
at com.pia.commonpage.CommonPage.select_Role(CommonPage.java:142)
at com.pia.users.ManageUserPage.userCancelEditAcoount(ManageUserPage.java:128)
at com.pia.user_testscript.ScriptManageUsers.verifyTC016_UserCancelEditAccount(ScriptManageUsers.java:44)
at java.base/java.util.ArrayList.forEach(ArrayList.java:1596)
... Removed 28 stack frames]]>
    </failure>
  </testcase> <!-- verifyTC016_UserCancelEditAccount -->
  <testcase classname="com.pia.user_testscript.ScriptManageUsers" name="verifyTC017_FilterText" time="420.929">
    <failure type="java.lang.AssertionError" message="expected [Filter] but found [null]">
      <![CDATA[java.lang.AssertionError: expected [Filter] but found [null]
at com.pia.commonpage.CommonPage.getTextOfFilterButton(CommonPage.java:198)
at com.pia.user_testscript.ScriptManageUsers.verifyTC017_FilterText(ScriptManageUsers.java:54)
at java.base/java.util.ArrayList.forEach(ArrayList.java:1596)
... Removed 31 stack frames]]>
    </failure>
  </testcase> <!-- verifyTC017_FilterText -->
  <testcase classname="com.pia.user_testscript.ScriptManageUsers" name="verifyTC018_FliterButton_IsEnable_OnUI" time="0.07"/>
  <testcase classname="com.pia.user_testscript.ScriptManageUsers" name="verifyTC019_Information_Icon_IsDispaly_UI_Page" time="5.125"/>
  <testcase classname="com.pia.user_testscript.ScriptUsersNewAccount" name="verifyTC001_TitleOf_AddNewUserPage" time="0.0">
    <skipped/>
  </testcase> <!-- verifyTC001_TitleOf_AddNewUserPage -->
  <testcase classname="com.pia.user_testscript.ScriptUsersNewAccount" name="verifyTC002_PasswordPolicyMassage" time="0.0">
    <skipped/>
  </testcase> <!-- verifyTC002_PasswordPolicyMassage -->
  <testcase classname="com.pia.user_testscript.ScriptUsersNewAccount" name="verifyTC004_AccountTextBoxNames" time="0.0">
    <skipped/>
  </testcase> <!-- verifyTC004_AccountTextBoxNames -->
  <testcase classname="com.pia.user_testscript.ScriptUsersNewAccount" name="verifyTC005_UserAccountSaveButton" time="0.0">
    <skipped/>
  </testcase> <!-- verifyTC005_UserAccountSaveButton -->
  <testcase classname="com.pia.user_testscript.ScriptUsersNewAccount" name="verifyTC006_BrandOptionsOfAddNewUserPage" time="0.003">
    <skipped/>
  </testcase> <!-- verifyTC006_BrandOptionsOfAddNewUserPage -->
  <testcase classname="com.pia.user_testscript.ScriptUsersNewAccount" name="verifyTC007_BlankUserNameTextBox" time="0.0">
    <skipped/>
  </testcase> <!-- verifyTC007_BlankUserNameTextBox -->
  <testcase classname="com.pia.user_testscript.ScriptUsersNewAccount" name="verifyTC008_BlankEmailTextBoxFieldMessage" time="0.001">
    <skipped/>
  </testcase> <!-- verifyTC008_BlankEmailTextBoxFieldMessage -->
  <testcase classname="com.pia.user_testscript.ScriptUsersNewAccount" name="verifyTC009_BlankPasswordTextBoxFieldMessage" time="0.001">
    <skipped/>
  </testcase> <!-- verifyTC009_BlankPasswordTextBoxFieldMessage -->
  <testcase classname="com.pia.user_testscript.ScriptUsersNewAccount" name="verifyTC010_BlankConfirmPasswordTextBoxFieldMessage" time="0.0">
    <skipped/>
  </testcase> <!-- verifyTC010_BlankConfirmPasswordTextBoxFieldMessage -->
  <testcase classname="com.pia.user_testscript.ScriptUsersNewAccount" name="verifyTC013_UserCancelUserAccount" time="0.0">
    <skipped/>
  </testcase> <!-- verifyTC013_UserCancelUserAccount -->
  <testcase classname="com.pia.utiltiy.BaseClass" name="@BeforeSuite beforeSuite" time="0.0">
    <ignored/>
  </testcase> <!-- @BeforeSuite beforeSuite -->
  <testcase classname="com.pia.utiltiy.BaseClass" name="@BeforeTest BeforeTest" time="0.0">
    <ignored/>
  </testcase> <!-- @BeforeTest BeforeTest -->
  <testcase classname="com.pia.utiltiy.BaseClass" name="@AfterSuite aftersuite" time="0.0">
    <ignored/>
  </testcase> <!-- @AfterSuite aftersuite -->
</testsuite> <!-- Test -->
